# JRE version: Java(TM) SE Runtime Environment (21.0.3+7) (build 21.0.3+7-LTS-152)
# Java VM: Java HotSpot(TM) 64-Bit Server VM (21.0.3+7-LTS-152, mixed mode, sharing, tiered, compressed oops, compressed class ptrs, g1 gc, windows-amd64)
GC Precious Log:
 CardTable entry size: 512
 Card Set container configuration: InlinePtr #cards 5 size 8 Array Of Cards #cards 12 size 40 Howl #buckets 4 coarsen threshold 1843 Howl Bitmap #cards 512 size 80 coarsen threshold 460 Card regions per heap region 1 cards per card region 2048
 CPUs: 8 total, 8 available
 Memory: 7881M
 Large Page Support: Disabled
 NUMA Support: Disabled
 Compressed Oops: Enabled (32-bit)
 Heap Region Size: 1M
 Heap Min Capacity: 8M
 Heap Initial Capacity: 124M
 Heap Max Capacity: 1972M
 Pre-touch: Disabled
 Parallel Workers: 8
 Concurrent Workers: 2
 Concurrent Refinement Workers: 8
 Periodic GC: Disabled
Heap:
 garbage-first heap   total 68608K, used 22498K [0x0000000084c00000, 0x0000000100000000)
  region size 1024K, 3 young (3072K), 3 survivors (3072K)
 Metaspace       used 50395K, committed 51072K, reserved 1114112K
  class space    used 6154K, committed 6464K, reserved 1048576K
GC Heap History (20 events):
Event: 1893.858 GC heap after
{Heap after GC invocations=20 (full 3):
 garbage-first heap   total 68608K, used 22011K [0x0000000084c00000, 0x0000000100000000)
  region size 1024K, 2 young (2048K), 2 survivors (2048K)
 Metaspace       used 46116K, committed 46784K, reserved 1114112K
  class space    used 5693K, committed 6016K, reserved 1048576K
}
Event: 2571.798 GC heap before
{Heap before GC invocations=20 (full 3):
 garbage-first heap   total 68608K, used 56827K [0x0000000084c00000, 0x0000000100000000)
  region size 1024K, 37 young (37888K), 2 survivors (2048K)
 Metaspace       used 49198K, committed 49920K, reserved 1114112K
  class space    used 6086K, committed 6400K, reserved 1048576K
}
Event: 2571.817 GC heap after
{Heap after GC invocations=21 (full 3):
 garbage-first heap   total 68608K, used 22628K [0x0000000084c00000, 0x0000000100000000)
  region size 1024K, 3 young (3072K), 3 survivors (3072K)
 Metaspace       used 49198K, committed 49920K, reserved 1114112K
  class space    used 6086K, committed 6400K, reserved 1048576K
}
Event: 2572.494 GC heap before
{Heap before GC invocations=21 (full 3):
 garbage-first heap   total 68608K, used 23652K [0x0000000084c00000, 0x0000000100000000)
  region size 1024K, 5 young (5120K), 3 survivors (3072K)
 Metaspace       used 49217K, committed 49920K, reserved 1114112K
  class space    used 6089K, committed 6400K, reserved 1048576K
}
Event: 2572.700 GC heap after
{Heap after GC invocations=22 (full 4):
 garbage-first heap   total 68608K, used 16579K [0x0000000084c00000, 0x0000000100000000)
  region size 1024K, 0 young (0K), 0 survivors (0K)
 Metaspace       used 48918K, committed 49920K, reserved 1114112K
  class space    used 6008K, committed 6400K, reserved 1048576K
}
Event: 2573.909 GC heap before
{Heap before GC invocations=22 (full 4):
 garbage-first heap   total 68608K, used 56515K [0x0000000084c00000, 0x0000000100000000)
  region size 1024K, 40 young (40960K), 0 survivors (0K)
 Metaspace       used 49227K, committed 49984K, reserved 1114112K
  class space    used 6043K, committed 6400K, reserved 1048576K
}
Event: 2573.928 GC heap after
{Heap after GC invocations=23 (full 4):
 garbage-first heap   total 68608K, used 21115K [0x0000000084c00000, 0x0000000100000000)
  region size 1024K, 5 young (5120K), 5 survivors (5120K)
 Metaspace       used 49227K, committed 49984K, reserved 1114112K
  class space    used 6043K, committed 6400K, reserved 1048576K
}
Event: 2575.906 GC heap before
{Heap before GC invocations=23 (full 4):
 garbage-first heap   total 68608K, used 37499K [0x0000000084c00000, 0x0000000100000000)
  region size 1024K, 22 young (22528K), 5 survivors (5120K)
 Metaspace       used 49411K, committed 50112K, reserved 1114112K
  class space    used 6066K, committed 6400K, reserved 1048576K
}
Event: 2575.949 GC heap after
{Heap after GC invocations=24 (full 5):
 garbage-first heap   total 68608K, used 18808K [0x0000000084c00000, 0x0000000100000000)
  region size 1024K, 0 young (0K), 0 survivors (0K)
 Metaspace       used 49352K, committed 50112K, reserved 1114112K
  class space    used 6052K, committed 6400K, reserved 1048576K
}
Event: 2576.347 GC heap before
{Heap before GC invocations=24 (full 5):
 garbage-first heap   total 68608K, used 55672K [0x0000000084c00000, 0x0000000100000000)
  region size 1024K, 37 young (37888K), 0 survivors (0K)
 Metaspace       used 49537K, committed 50176K, reserved 1114112K
  class space    used 6062K, committed 6400K, reserved 1048576K
}
Event: 2576.351 GC heap after
{Heap after GC invocations=25 (full 5):
 garbage-first heap   total 68608K, used 22062K [0x0000000084c00000, 0x0000000100000000)
  region size 1024K, 4 young (4096K), 4 survivors (4096K)
 Metaspace       used 49537K, committed 50176K, reserved 1114112K
  class space    used 6062K, committed 6400K, reserved 1048576K
}
Event: 2594.439 GC heap before
{Heap before GC invocations=25 (full 5):
 garbage-first heap   total 68608K, used 36398K [0x0000000084c00000, 0x0000000100000000)
  region size 1024K, 19 young (19456K), 4 survivors (4096K)
 Metaspace       used 49605K, committed 50304K, reserved 1114112K
  class space    used 6064K, committed 6400K, reserved 1048576K
}
Event: 2594.475 GC heap after
{Heap after GC invocations=26 (full 6):
 garbage-first heap   total 68608K, used 18966K [0x0000000084c00000, 0x0000000100000000)
  region size 1024K, 0 young (0K), 0 survivors (0K)
 Metaspace       used 49602K, committed 50304K, reserved 1114112K
  class space    used 6064K, committed 6400K, reserved 1048576K
}
Event: 2594.699 GC heap before
{Heap before GC invocations=26 (full 6):
 garbage-first heap   total 68608K, used 56854K [0x0000000084c00000, 0x0000000100000000)
  region size 1024K, 37 young (37888K), 0 survivors (0K)
 Metaspace       used 49768K, committed 50432K, reserved 1114112K
  class space    used 6075K, committed 6400K, reserved 1048576K
}
Event: 2594.702 GC heap after
{Heap after GC invocations=27 (full 6):
 garbage-first heap   total 68608K, used 22271K [0x0000000084c00000, 0x0000000100000000)
  region size 1024K, 4 young (4096K), 4 survivors (4096K)
 Metaspace       used 49768K, committed 50432K, reserved 1114112K
  class space    used 6075K, committed 6400K, reserved 1048576K
}
Event: 2601.710 GC heap before
{Heap before GC invocations=27 (full 6):
 garbage-first heap   total 68608K, used 36607K [0x0000000084c00000, 0x0000000100000000)
  region size 1024K, 19 young (19456K), 4 survivors (4096K)
 Metaspace       used 49852K, committed 50496K, reserved 1114112K
  class space    used 6078K, committed 6400K, reserved 1048576K
}
Event: 2601.746 GC heap after
{Heap after GC invocations=28 (full 7):
 garbage-first heap   total 68608K, used 19095K [0x0000000084c00000, 0x0000000100000000)
  region size 1024K, 0 young (0K), 0 survivors (0K)
 Metaspace       used 49849K, committed 50496K, reserved 1114112K
  class space    used 6078K, committed 6400K, reserved 1048576K
}
Event: 2601.988 GC heap before
{Heap before GC invocations=28 (full 7):
 garbage-first heap   total 68608K, used 56983K [0x0000000084c00000, 0x0000000100000000)
  region size 1024K, 37 young (37888K), 0 survivors (0K)
 Metaspace       used 49988K, committed 50688K, reserved 1114112K
  class space    used 6090K, committed 6400K, reserved 1048576K
}
Event: 2601.994 GC heap after
{Heap after GC invocations=29 (full 7):
 garbage-first heap   total 68608K, used 22240K [0x0000000084c00000, 0x0000000100000000)
  region size 1024K, 4 young (4096K), 4 survivors (4096K)
 Metaspace       used 49988K, committed 50688K, reserved 1114112K
  class space    used 6090K, committed 6400K, reserved 1048576K
}
Event: 2625.146 GC heap before
{Heap before GC invocations=29 (full 7):
 garbage-first heap   total 68608K, used 57056K [0x0000000084c00000, 0x0000000100000000)
  region size 1024K, 38 young (38912K), 4 survivors (4096K)
 Metaspace       used 50395K, committed 51072K, reserved 1114112K
  class space    used 6154K, committed 6464K, reserved 1048576K
}

